<?xml version="1.0" encoding="UTF-8"?>
<!-- Generated by org.testng.reporters.JUnitReportReporter -->
<testsuite hostname="DLLB0015" name="com.qait.ACSAutomation.Test.CR1StrategicPlanningQuestionFinal_Test" tests="15" failures="0" timestamp="13 Dec 2013 11:52:26 GMT" time="290.372" errors="0">
  <testcase name="userAllowToAddTheEvent" time="39.081" classname="com.qait.ACSAutomation.Test.CR1StrategicPlanningQuestionFinal_Test"/>
  <testcase name="verifyEditTabAllowUserToEditEvent" time="18.642" classname="com.qait.ACSAutomation.Test.CR1StrategicPlanningQuestionFinal_Test"/>
  <testcase name="verifyUserAllowedEditFromDropDown" time="32.747" classname="com.qait.ACSAutomation.Test.CR1StrategicPlanningQuestionFinal_Test"/>
  <testcase name="verifyQuestionsDisplayUnderAddedEvent" time="12.281" classname="com.qait.ACSAutomation.Test.CR1StrategicPlanningQuestionFinal_Test"/>
  <testcase name="setup" time="19.369" classname="com.qait.ACSAutomation.Test.CR1StrategicPlanningQuestionFinal_Test"/>
  <testcase name="launchDashboardPage" time="14.962" classname="com.qait.ACSAutomation.Test.CR1StrategicPlanningQuestionFinal_Test"/>
  <testcase name="verifyQuestionsDisplayForPastYear" time="56.476" classname="com.qait.ACSAutomation.Test.CR1StrategicPlanningQuestionFinal_Test"/>
  <testcase name="verifyLandingPage" time="0.045" classname="com.qait.ACSAutomation.Test.CR1StrategicPlanningQuestionFinal_Test"/>
  <testcase name="loginToApplication" time="19.110" classname="com.qait.ACSAutomation.Test.CR1StrategicPlanningQuestionFinal_Test"/>
  <testcase name="verifyStrategicPlanningQuestionDisplayForLS" time="18.877" classname="com.qait.ACSAutomation.Test.CR1StrategicPlanningQuestionFinal_Test"/>
  <testcase name="verifyStrategicPlanningQuestionDisplayForTD" time="27.491" classname="com.qait.ACSAutomation.Test.CR1StrategicPlanningQuestionFinal_Test"/>
  <testcase name="clickOnAnnualReportTab" time="7.727" classname="com.qait.ACSAutomation.Test.CR1StrategicPlanningQuestionFinal_Test"/>
  <testcase name="verifyEventCreatedAndListedBelowEventHeading" time="21.635" classname="com.qait.ACSAutomation.Test.CR1StrategicPlanningQuestionFinal_Test"/>
  <testcase name="verifyAnnualReportTabLoaded" time="0.029" classname="com.qait.ACSAutomation.Test.CR1StrategicPlanningQuestionFinal_Test"/>
  <testcase name="verifyLoginPage" time="1.900" classname="com.qait.ACSAutomation.Test.CR1StrategicPlanningQuestionFinal_Test"/>
</testsuite> <!-- com.qait.ACSAutomation.Test.CR1StrategicPlanningQuestionFinal_Test -->
