<?xml version="1.0" encoding="UTF-8" ?>
<testsuite failures="0" time="277.568" errors="0" skipped="0" tests="15" name="com.qait.ACSAutomation.Test.CR1StrategicPlanningQuestionFinal_Test">
  <properties>
    <property name="java.runtime.name" value="Java(TM) SE Runtime Environment"/>
    <property name="sun.boot.library.path" value="C:\Program Files (x86)\Java\jdk1.6.0_43\jre\bin"/>
    <property name="java.vm.version" value="20.14-b01"/>
    <property name="java.vm.vendor" value="Sun Microsystems Inc."/>
    <property name="java.vendor.url" value="http://java.sun.com/"/>
    <property name="path.separator" value=";"/>
    <property name="guice.disable.misplaced.annotation.check" value="true"/>
    <property name="java.vm.name" value="Java HotSpot(TM) Client VM"/>
    <property name="file.encoding.pkg" value="sun.io"/>
    <property name="user.country" value="US"/>
    <property name="sun.java.launcher" value="SUN_STANDARD"/>
    <property name="sun.os.patch.level" value="Service Pack 1"/>
    <property name="java.vm.specification.name" value="Java Virtual Machine Specification"/>
    <property name="user.dir" value="C:\Users\shivamtiwari\workspace\ACSAutomation"/>
    <property name="java.runtime.version" value="1.6.0_43-b01"/>
    <property name="java.awt.graphicsenv" value="sun.awt.Win32GraphicsEnvironment"/>
    <property name="java.endorsed.dirs" value="C:\Program Files (x86)\Java\jdk1.6.0_43\jre\lib\endorsed"/>
    <property name="os.arch" value="x86"/>
    <property name="java.io.tmpdir" value="C:\Users\SHIVAM~1\AppData\Local\Temp\"/>
    <property name="line.separator" value="
"/>
    <property name="java.vm.specification.vendor" value="Sun Microsystems Inc."/>
    <property name="user.variant" value=""/>
    <property name="os.name" value="Windows 7"/>
    <property name="classworlds.conf" value="C:\apache-maven-3.0.4\bin\m2.conf"/>
    <property name="sun.jnu.encoding" value="Cp1252"/>
    <property name="java.library.path" value="C:\Program Files (x86)\Java\jdk1.6.0_43\bin;C:\Windows\Sun\Java\bin;C:\Windows\system32;C:\Windows;C:\Python27\;C:\Python27\Scripts;Card;C:\Windows\system32;C:\Windows;C:\Windows\System32\Wbem;C:\Windows\System32\WindowsPowerShell\v1.0\;C:\apache-maven-3.0.4\bin;C:\Python26;C:\apache-maven-3.0.4\bin;C:\Anuj\phantomjs-1.3.0-win32-dynamic;C:\Program Files (x86)\Android\android-sdk\platform-tools;C:\Program Files (x86)\Sikuli X\libs;C:\Program Files\TortoiseSVN\bin;C:\Python27\Lib;C:\Program Files (x86)\Java\jdk1.6.0_43\bin;C:\sdk\tools;C:\sdk\platform-tools;C:\Program Files\TortoiseGit\bin;%APPDATA%\Python\Scripts;C:\Anuj\PhantomJS ppt;C:\Program Files (x86)\Sikuli X\libs;C:\Program Files (x86)\Java\jre6\\bin;C:\Program Files\Gallio\bin;."/>
    <property name="java.specification.name" value="Java Platform API Specification"/>
    <property name="java.class.version" value="50.0"/>
    <property name="sun.management.compiler" value="HotSpot Client Compiler"/>
    <property name="os.version" value="6.1"/>
    <property name="user.home" value="C:\Users\shivamtiwari"/>
    <property name="user.timezone" value="Asia/Calcutta"/>
    <property name="java.awt.printerjob" value="sun.awt.windows.WPrinterJob"/>
    <property name="file.encoding" value="Cp1252"/>
    <property name="java.specification.version" value="1.6"/>
    <property name="user.name" value="shivamtiwari"/>
    <property name="java.class.path" value="C:\apache-maven-3.0.4\boot\plexus-classworlds-2.4.jar"/>
    <property name="java.vm.specification.version" value="1.0"/>
    <property name="sun.arch.data.model" value="32"/>
    <property name="java.home" value="C:\Program Files (x86)\Java\jdk1.6.0_43\jre"/>
    <property name="sun.java.command" value="org.codehaus.plexus.classworlds.launcher.Launcher clean verify"/>
    <property name="java.specification.vendor" value="Sun Microsystems Inc."/>
    <property name="user.language" value="en"/>
    <property name="awt.toolkit" value="sun.awt.windows.WToolkit"/>
    <property name="java.vm.info" value="mixed mode, sharing"/>
    <property name="java.version" value="1.6.0_43"/>
    <property name="java.ext.dirs" value="C:\Program Files (x86)\Java\jdk1.6.0_43\jre\lib\ext;C:\Windows\Sun\Java\lib\ext"/>
    <property name="sun.boot.class.path" value="C:\Program Files (x86)\Java\jdk1.6.0_43\jre\lib\resources.jar;C:\Program Files (x86)\Java\jdk1.6.0_43\jre\lib\rt.jar;C:\Program Files (x86)\Java\jdk1.6.0_43\jre\lib\sunrsasign.jar;C:\Program Files (x86)\Java\jdk1.6.0_43\jre\lib\jsse.jar;C:\Program Files (x86)\Java\jdk1.6.0_43\jre\lib\jce.jar;C:\Program Files (x86)\Java\jdk1.6.0_43\jre\lib\charsets.jar;C:\Program Files (x86)\Java\jdk1.6.0_43\jre\lib\modules\jdk.boot.jar;C:\Program Files (x86)\Java\jdk1.6.0_43\jre\classes"/>
    <property name="java.vendor" value="Sun Microsystems Inc."/>
    <property name="maven.home" value="C:\apache-maven-3.0.4"/>
    <property name="file.separator" value="\"/>
    <property name="java.vendor.url.bug" value="http://java.sun.com/cgi-bin/bugreport.cgi"/>
    <property name="sun.cpu.endian" value="little"/>
    <property name="sun.io.unicode.encoding" value="UnicodeLittle"/>
    <property name="sun.desktop" value="windows"/>
    <property name="sun.cpu.isalist" value="pentium_pro+mmx pentium_pro pentium+mmx pentium i486 i386 i86"/>
  </properties>
  <testcase time="14.923" classname="com.qait.ACSAutomation.Test.CR1StrategicPlanningQuestionFinal_Test" name="setup"/>
  <testcase time="12.751" classname="com.qait.ACSAutomation.Test.CR1StrategicPlanningQuestionFinal_Test" name="launchDashboardPage"/>
  <testcase time="1.267" classname="com.qait.ACSAutomation.Test.CR1StrategicPlanningQuestionFinal_Test" name="verifyLoginPage"/>
  <testcase time="18.123" classname="com.qait.ACSAutomation.Test.CR1StrategicPlanningQuestionFinal_Test" name="loginToApplication"/>
  <testcase time="0.115" classname="com.qait.ACSAutomation.Test.CR1StrategicPlanningQuestionFinal_Test" name="verifyLandingPage"/>
  <testcase time="10.221" classname="com.qait.ACSAutomation.Test.CR1StrategicPlanningQuestionFinal_Test" name="clickOnAnnualReportTab"/>
  <testcase time="0.017" classname="com.qait.ACSAutomation.Test.CR1StrategicPlanningQuestionFinal_Test" name="verifyAnnualReportTabLoaded"/>
  <testcase time="20.065" classname="com.qait.ACSAutomation.Test.CR1StrategicPlanningQuestionFinal_Test" name="verifyStrategicPlanningQuestionDisplayForLS"/>
  <testcase time="39.459" classname="com.qait.ACSAutomation.Test.CR1StrategicPlanningQuestionFinal_Test" name="userAllowToAddTheEvent"/>
  <testcase time="27.492" classname="com.qait.ACSAutomation.Test.CR1StrategicPlanningQuestionFinal_Test" name="verifyStrategicPlanningQuestionDisplayForTD"/>
  <testcase time="20.506" classname="com.qait.ACSAutomation.Test.CR1StrategicPlanningQuestionFinal_Test" name="verifyEventCreatedAndListedBelowEventHeading"/>
  <testcase time="7.642" classname="com.qait.ACSAutomation.Test.CR1StrategicPlanningQuestionFinal_Test" name="verifyQuestionsDisplayUnderAddedEvent"/>
  <testcase time="18.177" classname="com.qait.ACSAutomation.Test.CR1StrategicPlanningQuestionFinal_Test" name="verifyEditTabAllowUserToEditEvent"/>
  <testcase time="33.309" classname="com.qait.ACSAutomation.Test.CR1StrategicPlanningQuestionFinal_Test" name="verifyUserAllowedEditFromDropDown"/>
  <testcase time="51.844" classname="com.qait.ACSAutomation.Test.CR1StrategicPlanningQuestionFinal_Test" name="verifyQuestionsDisplayForPastYear"/>
</testsuite>